-encoding
UTF-8
-outxml
-source
1.6
-target
1.6
-classpath
C:\Users\Dell\.m2\repository\junit\junit\4.11\junit-4.11.jar;C:\Users\Dell\.m2\repository\log4j\log4j\1.2.17\log4j-1.2.17.jar;C:\Users\Dell\.m2\repository\org\slf4j\slf4j-api\1.7.5\slf4j-api-1.7.5.jar;C:\Users\Dell\.m2\repository\org\slf4j\jcl-over-slf4j\1.7.5\jcl-over-slf4j-1.7.5.jar;C:\Users\Dell\.m2\repository\org\slf4j\slf4j-log4j12\1.7.5\slf4j-log4j12-1.7.5.jar;C:\Users\Dell\.m2\repository\org\aspectj\aspectjrt\1.8.1\aspectjrt-1.8.1.jar;C:\Users\Dell\.m2\repository\org\aspectj\aspectjweaver\1.8.1\aspectjweaver-1.8.1.jar;C:\Users\Dell\.m2\repository\javax\servlet\servlet-api\2.5\servlet-api-2.5.jar;C:\Users\Dell\.m2\repository\net\sf\flexjson\flexjson\2.1\flexjson-2.1.jar;C:\Users\Dell\.m2\repository\org\apache\commons\commons-lang3\3.1\commons-lang3-3.1.jar;C:\Users\Dell\.m2\repository\org\springframework\roo\org.springframework.roo.annotations\2.0.0.M1\org.springframework.roo.annotations-2.0.0.M1.pom;C:\Users\Dell\.m2\repository\org\springframework\spring-core\3.2.8.RELEASE\spring-core-3.2.8.RELEASE.jar;C:\Users\Dell\.m2\repository\org\springframework\spring-test\3.2.8.RELEASE\spring-test-3.2.8.RELEASE.jar;C:\Users\Dell\.m2\repository\org\springframework\spring-context\3.2.8.RELEASE\spring-context-3.2.8.RELEASE.jar;C:\Users\Dell\.m2\repository\org\springframework\spring-aop\3.2.8.RELEASE\spring-aop-3.2.8.RELEASE.jar;C:\Users\Dell\.m2\repository\org\springframework\spring-aspects\3.2.8.RELEASE\spring-aspects-3.2.8.RELEASE.jar;C:\Users\Dell\.m2\repository\mysql\mysql-connector-java\5.1.18\mysql-connector-java-5.1.18.jar;C:\Users\Dell\.m2\repository\org\hibernate\hibernate-core\4.3.6.Final\hibernate-core-4.3.6.Final.jar;C:\Users\Dell\.m2\repository\org\hibernate\hibernate-entitymanager\4.3.6.Final\hibernate-entitymanager-4.3.6.Final.jar;C:\Users\Dell\.m2\repository\org\hibernate\javax\persistence\hibernate-jpa-2.1-api\1.0.0.Final\hibernate-jpa-2.1-api-1.0.0.Final.jar;C:\Users\Dell\.m2\repository\commons-collections\commons-collections\3.2.1\commons-collections-3.2.1.jar;C:\Users\Dell\.m2\repository\org\hibernate\hibernate-validator\4.3.2.Final\hibernate-validator-4.3.2.Final.jar;C:\Users\Dell\.m2\repository\javax\validation\validation-api\1.0.0.GA\validation-api-1.0.0.GA.jar;C:\Users\Dell\.m2\repository\javax\transaction\jta\1.1\jta-1.1.jar;C:\Users\Dell\.m2\repository\org\springframework\spring-jdbc\3.2.8.RELEASE\spring-jdbc-3.2.8.RELEASE.jar;C:\Users\Dell\.m2\repository\org\springframework\spring-orm\3.2.8.RELEASE\spring-orm-3.2.8.RELEASE.jar;C:\Users\Dell\.m2\repository\commons-pool\commons-pool\1.5.6\commons-pool-1.5.6.jar;C:\Users\Dell\.m2\repository\commons-dbcp\commons-dbcp\1.4\commons-dbcp-1.4.jar;C:\Users\Dell\.m2\repository\org\springframework\spring-webmvc\3.2.8.RELEASE\spring-webmvc-3.2.8.RELEASE.jar;C:\Users\Dell\.m2\repository\org\springframework\webflow\spring-js-resources\2.2.1.RELEASE\spring-js-resources-2.2.1.RELEASE.jar;C:\Users\Dell\.m2\repository\commons-digester\commons-digester\2.1\commons-digester-2.1.jar;C:\Users\Dell\.m2\repository\commons-fileupload\commons-fileupload\1.2.2\commons-fileupload-1.2.2.jar;C:\Users\Dell\.m2\repository\javax\servlet\jsp\jstl\jstl-api\1.2\jstl-api-1.2.jar;C:\Users\Dell\.m2\repository\org\glassfish\web\jstl-impl\1.2\jstl-impl-1.2.jar;C:\Users\Dell\.m2\repository\javax\el\el-api\2.2\el-api-2.2.jar;C:\Users\Dell\.m2\repository\joda-time\joda-time\1.6\joda-time-1.6.jar;C:\Users\Dell\.m2\repository\javax\servlet\jsp\jsp-api\2.1\jsp-api-2.1.jar;C:\Users\Dell\.m2\repository\commons-codec\commons-codec\1.5\commons-codec-1.5.jar;C:\Users\Dell\.m2\repository\org\apache\tiles\tiles-jsp\2.2.2\tiles-jsp-2.2.2.jar;C:\Users\Dell\.m2\repository\org\springframework\spring-context-support\3.2.8.RELEASE\spring-context-support-3.2.8.RELEASE.jar;C:\Users\Dell\.m2\repository\javax\mail\mail\1.4.1\mail-1.4.1.jar;C:\Users\Dell\.m2\repository\javax\activation\activation\1.1.1\activation-1.1.1.jar;C:\Users\Dell\.m2\repository\org\springframework\security\spring-security-core\3.2.5.RELEASE\spring-security-core-3.2.5.RELEASE.jar;C:\Users\Dell\.m2\repository\org\springframework\security\spring-security-config\3.2.5.RELEASE\spring-security-config-3.2.5.RELEASE.jar;C:\Users\Dell\.m2\repository\org\springframework\security\spring-security-web\3.2.5.RELEASE\spring-security-web-3.2.5.RELEASE.jar;C:\Users\Dell\.m2\repository\org\springframework\security\spring-security-taglibs\3.2.5.RELEASE\spring-security-taglibs-3.2.5.RELEASE.jar;C:\Users\Dell\.m2\repository\org\springframework\roo\org.springframework.roo.addon.configurable.annotations\2.0.0.M1\org.springframework.roo.addon.configurable.annotations-2.0.0.M1.jar;C:\Users\Dell\.m2\repository\org\osgi\org.osgi.core\5.0.0\org.osgi.core-5.0.0.jar;C:\Users\Dell\.m2\repository\org\osgi\org.osgi.compendium\5.0.0\org.osgi.compendium-5.0.0.jar;C:\Users\Dell\.m2\repository\org\apache\felix\org.apache.felix.scr.annotations\1.9.10\org.apache.felix.scr.annotations-1.9.10.jar;C:\Users\Dell\.m2\repository\org\springframework\roo\org.springframework.roo.classpath\2.0.0.M1\org.springframework.roo.classpath-2.0.0.M1.jar;C:\Users\Dell\.m2\repository\org\springframework\roo\org.springframework.roo.file.monitor\2.0.0.M1\org.springframework.roo.file.monitor-2.0.0.M1.jar;C:\Users\Dell\.m2\repository\org\springframework\roo\org.springframework.roo.file.undo\2.0.0.M1\org.springframework.roo.file.undo-2.0.0.M1.jar;C:\Users\Dell\.m2\repository\org\springframework\roo\org.springframework.roo.metadata\2.0.0.M1\org.springframework.roo.metadata-2.0.0.M1.jar;C:\Users\Dell\.m2\repository\org\springframework\roo\org.springframework.roo.model\2.0.0.M1\org.springframework.roo.model-2.0.0.M1.jar;C:\Users\Dell\.m2\repository\org\springframework\roo\org.springframework.roo.process.manager\2.0.0.M1\org.springframework.roo.process.manager-2.0.0.M1.jar;C:\Users\Dell\.m2\repository\org\springframework\roo\org.springframework.roo.shell.osgi\2.0.0.M1\org.springframework.roo.shell.osgi-2.0.0.M1.jar;C:\Users\Dell\.m2\repository\org\springframework\roo\org.springframework.roo.project\2.0.0.M1\org.springframework.roo.project-2.0.0.M1.jar;C:\Users\Dell\.m2\repository\org\apache\felix\org.apache.felix.framework\4.6.1\org.apache.felix.framework-4.6.1.jar;C:\Users\Dell\.m2\repository\org\springframework\roo\org.springframework.roo.shell\2.0.0.M1\org.springframework.roo.shell-2.0.0.M1.jar;C:\Users\Dell\.m2\repository\org\springframework\roo\org.springframework.roo.support\2.0.0.M1\org.springframework.roo.support-2.0.0.M1.jar;C:\Users\Dell\.m2\repository\org\springframework\roo\org.springframework.roo.addon.dbre.annotations\2.0.0.M1\org.springframework.roo.addon.dbre.annotations-2.0.0.M1.jar;C:\Users\Dell\.m2\repository\org\springframework\roo\org.springframework.roo.addon.jdbc\2.0.0.M1\org.springframework.roo.addon.jdbc-2.0.0.M1.jar;C:\Users\Dell\.m2\repository\org\springframework\roo\org.springframework.roo.addon.jpa.addon\2.0.0.M1\org.springframework.roo.addon.jpa.addon-2.0.0.M1.jar;C:\Users\Dell\.m2\repository\org\springframework\roo\org.springframework.roo.addon.layers.repository.jpa.addon\2.0.0.M1\org.springframework.roo.addon.layers.repository.jpa.addon-2.0.0.M1.jar;C:\Users\Dell\.m2\repository\org\springframework\roo\org.springframework.roo.addon.layers.service.addon\2.0.0.M1\org.springframework.roo.addon.layers.service.addon-2.0.0.M1.jar;C:\Users\Dell\.m2\repository\org\springframework\roo\org.springframework.roo.addon.test.addon\2.0.0.M1\org.springframework.roo.addon.test.addon-2.0.0.M1.jar;C:\Users\Dell\.m2\repository\org\springframework\roo\org.springframework.roo.addon.plural.addon\2.0.0.M1\org.springframework.roo.addon.plural.addon-2.0.0.M1.jar;C:\Users\Dell\.m2\repository\org\springframework\roo\org.springframework.roo.addon.configurable.addon\2.0.0.M1\org.springframework.roo.addon.configurable.addon-2.0.0.M1.jar;C:\Users\Dell\.m2\repository\org\springframework\roo\org.springframework.roo.addon.propfiles\2.0.0.M1\org.springframework.roo.addon.propfiles-2.0.0.M1.jar;C:\Users\Dell\.m2\repository\org\springframework\roo\wrapping\org.springframework.roo.wrapping.inflector\0.7.0.0010\org.springframework.roo.wrapping.inflector-0.7.0.0010.jar;C:\Users\Dell\.m2\repository\org\springframework\roo\org.springframework.roo.addon.dod.annotations\2.0.0.M1\org.springframework.roo.addon.dod.annotations-2.0.0.M1.jar;C:\Users\Dell\.m2\repository\org\springframework\roo\org.springframework.roo.addon.javabean.annotations\2.0.0.M1\org.springframework.roo.addon.javabean.annotations-2.0.0.M1.jar;C:\Users\Dell\.m2\repository\org\springframework\roo\org.springframework.roo.addon.jpa.annotations\2.0.0.M1\org.springframework.roo.addon.jpa.annotations-2.0.0.M1.jar;C:\Users\Dell\.m2\repository\org\springframework\roo\org.springframework.roo.addon.javabean.addon\2.0.0.M1\org.springframework.roo.addon.javabean.addon-2.0.0.M1.jar;C:\Users\Dell\.m2\repository\org\springframework\roo\org.springframework.roo.addon.json.annotations\2.0.0.M1\org.springframework.roo.addon.json.annotations-2.0.0.M1.jar;C:\Users\Dell\.m2\repository\org\springframework\roo\org.springframework.roo.bootstrap\2.0.0.M1\org.springframework.roo.bootstrap-2.0.0.M1.jar;C:\Users\Dell\.m2\repository\org\apache\felix\org.apache.felix.scr\1.8.2\org.apache.felix.scr-1.8.2.jar;C:\Users\Dell\.m2\repository\org\springframework\roo\org.springframework.roo.addon.layers.repository.jpa.annotations\2.0.0.M1\org.springframework.roo.addon.layers.repository.jpa.annotations-2.0.0.M1.jar;C:\Users\Dell\.m2\repository\org\springframework\roo\org.springframework.roo.addon.layers.service.annotations\2.0.0.M1\org.springframework.roo.addon.layers.service.annotations-2.0.0.M1.jar;C:\Users\Dell\.m2\repository\org\springframework\roo\org.springframework.roo.addon.security.addon\2.0.0.M1\org.springframework.roo.addon.security.addon-2.0.0.M1.jar;C:\Users\Dell\.m2\repository\org\springframework\roo\wrapping\org.springframework.roo.wrapping.hapax\2.3.4.0010\org.springframework.roo.wrapping.hapax-2.3.4.0010.jar;C:\Users\Dell\.m2\repository\org\springframework\roo\org.springframework.roo.addon.plural.annotations\2.0.0.M1\org.springframework.roo.addon.plural.annotations-2.0.0.M1.jar;C:\Users\Dell\.m2\repository\org\springframework\roo\org.springframework.roo.addon.security.annotations\2.0.0.M1\org.springframework.roo.addon.security.annotations-2.0.0.M1.jar;C:\Users\Dell\.m2\repository\org\springframework\roo\org.springframework.roo.addon.web.mvc.controller.addon\2.0.0.M1\org.springframework.roo.addon.web.mvc.controller.addon-2.0.0.M1.jar;C:\Users\Dell\.m2\repository\org\springframework\roo\org.springframework.roo.addon.web.mvc.jsp\2.0.0.M1\org.springframework.roo.addon.web.mvc.jsp-2.0.0.M1.jar;C:\Users\Dell\.m2\repository\org\springframework\roo\org.springframework.roo.addon.backup\2.0.0.M1\org.springframework.roo.addon.backup-2.0.0.M1.jar;C:\Users\Dell\.m2\repository\org\springframework\roo\org.springframework.roo.addon.test.annotations\2.0.0.M1\org.springframework.roo.addon.test.annotations-2.0.0.M1.jar;C:\Users\Dell\.m2\repository\org\springframework\roo\org.springframework.roo.addon.dod.addon\2.0.0.M1\org.springframework.roo.addon.dod.addon-2.0.0.M1.jar;C:\Users\Dell\.m2\repository\org\springframework\roo\org.springframework.roo.addon.web.mvc.controller.annotations\2.0.0.M1\org.springframework.roo.addon.web.mvc.controller.annotations-2.0.0.M1.jar;C:\Users\Dell\.m2\repository\org\springframework\roo\org.springframework.roo.addon.finder\2.0.0.M1\org.springframework.roo.addon.finder-2.0.0.M1.jar;C:\Users\Dell\.m2\repository\org\springframework\roo\org.springframework.roo.addon.json.addon\2.0.0.M1\org.springframework.roo.addon.json.addon-2.0.0.M1.jar;C:\Users\Dell\.m2\repository\commons-io\commons-io\2.4\commons-io-2.4.jar;C:\Users\Dell\.m2\repository\org\springframework\spring-beans\3.2.8.RELEASE\spring-beans-3.2.8.RELEASE.jar;C:\Users\Dell\.m2\repository\org\springframework\spring-expression\3.2.8.RELEASE\spring-expression-3.2.8.RELEASE.jar;C:\Users\Dell\.m2\repository\aopalliance\aopalliance\1.0\aopalliance-1.0.jar;C:\Users\Dell\.m2\repository\org\jboss\logging\jboss-logging\3.1.3.GA\jboss-logging-3.1.3.GA.jar;C:\Users\Dell\.m2\repository\org\jboss\logging\jboss-logging-annotations\1.2.0.Beta1\jboss-logging-annotations-1.2.0.Beta1.jar;C:\Users\Dell\.m2\repository\org\jboss\spec\javax\transaction\jboss-transaction-api_1.2_spec\1.0.0.Final\jboss-transaction-api_1.2_spec-1.0.0.Final.jar;C:\Users\Dell\.m2\repository\dom4j\dom4j\1.6.1\dom4j-1.6.1.jar;C:\Users\Dell\.m2\repository\xml-apis\xml-apis\1.0.b2\xml-apis-1.0.b2.jar;C:\Users\Dell\.m2\repository\org\hibernate\common\hibernate-commons-annotations\4.0.5.Final\hibernate-commons-annotations-4.0.5.Final.jar;C:\Users\Dell\.m2\repository\org\javassist\javassist\3.18.1-GA\javassist-3.18.1-GA.jar;C:\Users\Dell\.m2\repository\antlr\antlr\2.7.7\antlr-2.7.7.jar;C:\Users\Dell\.m2\repository\org\jboss\jandex\1.1.0.Final\jandex-1.1.0.Final.jar;C:\Users\Dell\.m2\repository\org\springframework\spring-tx\3.2.8.RELEASE\spring-tx-3.2.8.RELEASE.jar;C:\Users\Dell\.m2\repository\org\springframework\spring-web\3.2.8.RELEASE\spring-web-3.2.8.RELEASE.jar;C:\Users\Dell\.m2\repository\commons-beanutils\commons-beanutils\1.8.3\commons-beanutils-1.8.3.jar;C:\Users\Dell\.m2\repository\org\apache\tiles\tiles-servlet\2.2.2\tiles-servlet-2.2.2.jar;C:\Users\Dell\.m2\repository\org\apache\tiles\tiles-core\2.2.2\tiles-core-2.2.2.jar;C:\Users\Dell\.m2\repository\org\apache\tiles\tiles-template\2.2.2\tiles-template-2.2.2.jar;C:\Users\Dell\.m2\repository\org\apache\tiles\tiles-api\2.2.2\tiles-api-2.2.2.jar;C:\Users\Dell\.m2\repository\org\springframework\security\spring-security-acl\3.2.5.RELEASE\spring-security-acl-3.2.5.RELEASE.jar;D:\code\kiddos\target\classes
-aspectpath
C:\Users\Dell\.m2\repository\org\springframework\spring-aspects\3.2.8.RELEASE\spring-aspects-3.2.8.RELEASE.jar
-d
D:\code\kiddos\target\classes
D:\code\kiddos\src\main\java\com\hmi\kiddos\controllers\AdmissionController.java
D:\code\kiddos\src\main\java\com\hmi\kiddos\controllers\AdmissionController_Roo_Controller.aj
D:\code\kiddos\src\main\java\com\hmi\kiddos\controllers\ApplicationConversionServiceFactoryBean.java
D:\code\kiddos\src\main\java\com\hmi\kiddos\controllers\ApplicationConversionServiceFactoryBean_Roo_ConversionService.aj
D:\code\kiddos\src\main\java\com\hmi\kiddos\controllers\ChildController.java
D:\code\kiddos\src\main\java\com\hmi\kiddos\controllers\ChildController_Roo_Controller.aj
D:\code\kiddos\src\main\java\com\hmi\kiddos\controllers\PaymentController.java
D:\code\kiddos\src\main\java\com\hmi\kiddos\controllers\PaymentController_Roo_Controller.aj
D:\code\kiddos\src\main\java\com\hmi\kiddos\controllers\ProgramController.java
D:\code\kiddos\src\main\java\com\hmi\kiddos\controllers\ProgramController_Roo_Controller.aj
D:\code\kiddos\src\main\java\com\hmi\kiddos\controllers\StaffController.java
D:\code\kiddos\src\main\java\com\hmi\kiddos\controllers\StaffController_Roo_Controller.aj
D:\code\kiddos\src\main\java\com\hmi\kiddos\controllers\TransportationController.java
D:\code\kiddos\src\main\java\com\hmi\kiddos\controllers\TransportationController_Roo_Controller.aj
D:\code\kiddos\src\main\java\com\hmi\kiddos\controllers\UserRoleController.java
D:\code\kiddos\src\main\java\com\hmi\kiddos\controllers\UserRoleController_Roo_Controller.aj
D:\code\kiddos\src\main\java\com\hmi\kiddos\model\Admission.java
D:\code\kiddos\src\main\java\com\hmi\kiddos\model\Admission_Roo_Configurable.aj
D:\code\kiddos\src\main\java\com\hmi\kiddos\model\Admission_Roo_JavaBean.aj
D:\code\kiddos\src\main\java\com\hmi\kiddos\model\Admission_Roo_Jpa_ActiveRecord.aj
D:\code\kiddos\src\main\java\com\hmi\kiddos\model\Admission_Roo_Jpa_Entity.aj
D:\code\kiddos\src\main\java\com\hmi\kiddos\model\Batch.java
D:\code\kiddos\src\main\java\com\hmi\kiddos\model\Centers.java
D:\code\kiddos\src\main\java\com\hmi\kiddos\model\Child.java
D:\code\kiddos\src\main\java\com\hmi\kiddos\model\Child_Roo_Configurable.aj
D:\code\kiddos\src\main\java\com\hmi\kiddos\model\Child_Roo_JavaBean.aj
D:\code\kiddos\src\main\java\com\hmi\kiddos\model\Child_Roo_Jpa_ActiveRecord.aj
D:\code\kiddos\src\main\java\com\hmi\kiddos\model\Child_Roo_Jpa_Entity.aj
D:\code\kiddos\src\main\java\com\hmi\kiddos\model\Department.java
D:\code\kiddos\src\main\java\com\hmi\kiddos\model\Gender.java
D:\code\kiddos\src\main\java\com\hmi\kiddos\model\Payment.java
D:\code\kiddos\src\main\java\com\hmi\kiddos\model\PaymentMedium.java
D:\code\kiddos\src\main\java\com\hmi\kiddos\model\Payment_Roo_Configurable.aj
D:\code\kiddos\src\main\java\com\hmi\kiddos\model\Payment_Roo_JavaBean.aj
D:\code\kiddos\src\main\java\com\hmi\kiddos\model\Payment_Roo_Jpa_ActiveRecord.aj
D:\code\kiddos\src\main\java\com\hmi\kiddos\model\Payment_Roo_Jpa_Entity.aj
D:\code\kiddos\src\main\java\com\hmi\kiddos\model\PreSchoolTerms.java
D:\code\kiddos\src\main\java\com\hmi\kiddos\model\Program.java
D:\code\kiddos\src\main\java\com\hmi\kiddos\model\ProgramSubTypes.java
D:\code\kiddos\src\main\java\com\hmi\kiddos\model\ProgramTypes.java
D:\code\kiddos\src\main\java\com\hmi\kiddos\model\Program_Roo_Configurable.aj
D:\code\kiddos\src\main\java\com\hmi\kiddos\model\Program_Roo_JavaBean.aj
D:\code\kiddos\src\main\java\com\hmi\kiddos\model\Program_Roo_Jpa_ActiveRecord.aj
D:\code\kiddos\src\main\java\com\hmi\kiddos\model\Program_Roo_Jpa_Entity.aj
D:\code\kiddos\src\main\java\com\hmi\kiddos\model\Staff.java
D:\code\kiddos\src\main\java\com\hmi\kiddos\model\Staff_Roo_Configurable.aj
D:\code\kiddos\src\main\java\com\hmi\kiddos\model\Staff_Roo_JavaBean.aj
D:\code\kiddos\src\main\java\com\hmi\kiddos\model\Staff_Roo_Jpa_ActiveRecord.aj
D:\code\kiddos\src\main\java\com\hmi\kiddos\model\Staff_Roo_Jpa_Entity.aj
D:\code\kiddos\src\main\java\com\hmi\kiddos\model\Transportation.java
D:\code\kiddos\src\main\java\com\hmi\kiddos\model\Transportation_Roo_Configurable.aj
D:\code\kiddos\src\main\java\com\hmi\kiddos\model\Transportation_Roo_JavaBean.aj
D:\code\kiddos\src\main\java\com\hmi\kiddos\model\Transportation_Roo_Jpa_ActiveRecord.aj
D:\code\kiddos\src\main\java\com\hmi\kiddos\model\Transportation_Roo_Jpa_Entity.aj
D:\code\kiddos\src\main\java\com\hmi\kiddos\model\UserRole.java
D:\code\kiddos\src\main\java\com\hmi\kiddos\model\UserRole_Roo_Configurable.aj
D:\code\kiddos\src\main\java\com\hmi\kiddos\model\UserRole_Roo_JavaBean.aj
D:\code\kiddos\src\main\java\com\hmi\kiddos\model\UserRole_Roo_Jpa_ActiveRecord.aj
D:\code\kiddos\src\main\java\com\hmi\kiddos\model\UserRole_Roo_Jpa_Entity.aj
D:\code\kiddos\src\main\java\com\hmi\kiddos\model\UserRole_Roo_ToString.aj
